<?xml version="1.0" encoding="UTF-8"?>
<!-- Generated by org.testng.reporters.JUnitXMLReporter -->
<testsuite hostname="VSCT-LAP-0153" ignored="0" name="Default test" tests="5" failures="0" timestamp="13 Jan 2020 06:17:21 GMT" time="0.085" errors="0">
  <testcase name="DTest1" time="0.013" classname="com.sdk.testng.DesktopTest"/>
  <testcase name="DTest2" time="0.002" classname="com.sdk.testng.DesktopTest"/>
  <testcase name="DTest3" time="0.002" classname="com.sdk.testng.DesktopTest"/>
  <testcase name="DTest4" time="0.002" classname="com.sdk.testng.DesktopTest"/>
  <testcase name="DTest5" time="0.005" classname="com.sdk.testng.DesktopTest"/>
</testsuite> <!-- Default test -->
