<?xml version="1.0" encoding="UTF-8"?>
<!-- Generated by org.testng.reporters.JUnitXMLReporter -->
<testsuite hostname="VSCT-LAP-0153" ignored="0" name="Test" tests="14" failures="0" timestamp="13 Jan 2020 06:22:02 GMT" time="0.207" errors="0">
  <testcase name="DTest1" time="0.014" classname="com.sdk.testng.DesktopTest"/>
  <testcase name="DTest2" time="0.002" classname="com.sdk.testng.DesktopTest"/>
  <testcase name="DTest3" time="0.009" classname="com.sdk.testng.DesktopTest"/>
  <testcase name="DTest4" time="0.012" classname="com.sdk.testng.DesktopTest"/>
  <testcase name="DTest5" time="0.002" classname="com.sdk.testng.DesktopTest"/>
  <testcase name="MTest1" time="0.01" classname="com.sdk.testng.MobileTest"/>
  <testcase name="MTest2" time="0.011" classname="com.sdk.testng.MobileTest"/>
  <testcase name="MTest3" time="0.002" classname="com.sdk.testng.MobileTest"/>
  <testcase name="MTest4" time="0.005" classname="com.sdk.testng.MobileTest"/>
  <testcase name="WTest1" time="0.009" classname="com.sdk.testng.WebTest"/>
  <testcase name="WTest2" time="0.014" classname="com.sdk.testng.WebTest"/>
  <testcase name="WTest3" time="0.002" classname="com.sdk.testng.WebTest"/>
  <testcase name="WTest4" time="0.002" classname="com.sdk.testng.WebTest"/>
  <testcase name="WTest5" time="0.002" classname="com.sdk.testng.WebTest"/>
</testsuite> <!-- Test -->
