<?xml version="1.0" encoding="UTF-8"?>
<!-- Generated by org.testng.reporters.JUnitXMLReporter -->
<testsuite ignored="0" hostname="VSCT-LAP-0153" failures="0" tests="14" name="Command line test" time="0.086" errors="0" timestamp="2020-01-13T12:16:19 IST">
  <testcase classname="com.sdk.testng.DesktopTest" name="DTest1" time="0.006"/>
  <testcase classname="com.sdk.testng.DesktopTest" name="DTest2" time="0.001"/>
  <testcase classname="com.sdk.testng.DesktopTest" name="DTest3" time="0.0"/>
  <testcase classname="com.sdk.testng.DesktopTest" name="DTest4" time="0.001"/>
  <testcase classname="com.sdk.testng.DesktopTest" name="DTest5" time="0.0"/>
  <testcase classname="com.sdk.testng.MobileTest" name="MTest1" time="0.001"/>
  <testcase classname="com.sdk.testng.MobileTest" name="MTest2" time="0.0"/>
  <testcase classname="com.sdk.testng.MobileTest" name="MTest3" time="0.0"/>
  <testcase classname="com.sdk.testng.MobileTest" name="MTest4" time="0.0"/>
  <testcase classname="com.sdk.testng.WebTest" name="WTest1" time="0.0"/>
  <testcase classname="com.sdk.testng.WebTest" name="WTest2" time="0.0"/>
  <testcase classname="com.sdk.testng.WebTest" name="WTest3" time="0.0"/>
  <testcase classname="com.sdk.testng.WebTest" name="WTest4" time="0.002"/>
  <testcase classname="com.sdk.testng.WebTest" name="WTest5" time="0.0"/>
</testsuite> <!-- Command line test -->
