<?xml version="1.0" encoding="UTF-8"?>
<!-- Generated by org.testng.reporters.JUnitXMLReporter -->
<testsuite ignored="9" hostname="VSCT-LAP-0153" failures="0" tests="5" name="Test" time="0.065" errors="0" timestamp="2020-01-13T13:31:48 IST">
  <testcase classname="com.sdk.testng.WebTest" name="WTest1" time="0.005"/>
  <testcase classname="com.sdk.testng.WebTest" name="WTest2" time="0.0"/>
  <testcase classname="com.sdk.testng.WebTest" name="WTest3" time="0.001"/>
  <testcase classname="com.sdk.testng.WebTest" name="WTest4" time="0.0"/>
  <testcase classname="com.sdk.testng.WebTest" name="WTest5" time="0.0"/>
  <testcase classname="com.sdk.testng.DesktopTest" name="DTest3" time="0.0">
    <ignored/>
  </testcase> <!-- DTest3 -->
  <testcase classname="com.sdk.testng.DesktopTest" name="DTest4" time="0.0">
    <ignored/>
  </testcase> <!-- DTest4 -->
  <testcase classname="com.sdk.testng.MobileTest" name="MTest3" time="0.0">
    <ignored/>
  </testcase> <!-- MTest3 -->
  <testcase classname="com.sdk.testng.DesktopTest" name="DTest2" time="0.0">
    <ignored/>
  </testcase> <!-- DTest2 -->
  <testcase classname="com.sdk.testng.MobileTest" name="MTest2" time="0.0">
    <ignored/>
  </testcase> <!-- MTest2 -->
  <testcase classname="com.sdk.testng.DesktopTest" name="DTest5" time="0.0">
    <ignored/>
  </testcase> <!-- DTest5 -->
  <testcase classname="com.sdk.testng.MobileTest" name="MTest4" time="0.0">
    <ignored/>
  </testcase> <!-- MTest4 -->
  <testcase classname="com.sdk.testng.MobileTest" name="MTest1" time="0.0">
    <ignored/>
  </testcase> <!-- MTest1 -->
  <testcase classname="com.sdk.testng.DesktopTest" name="DTest1" time="0.0">
    <ignored/>
  </testcase> <!-- DTest1 -->
</testsuite> <!-- Test -->
