<?xml version="1.0" encoding="UTF-8"?>
<testsuite xmlns:xsi="http://www.w3.org/2001/XMLSchema-instance" xsi:noNamespaceSchemaLocation="https://maven.apache.org/surefire/maven-surefire-plugin/xsd/surefire-test-report-3.0.xsd" version="3.0" name="TestSuite" time="0.874" tests="5" errors="0" skipped="0" failures="0">
  <properties>
[...]
</properties>
  <testcase name="WTest1" classname="com.sdk.testng.WebTest" time="0.006"/>
  <testcase name="WTest2" classname="com.sdk.testng.WebTest" time="0.005"/>
  <testcase name="WTest3" classname="com.sdk.testng.WebTest" time="0.002"/>
  <testcase name="WTest4" classname="com.sdk.testng.WebTest" time="0.003"/>
  <testcase name="WTest5" classname="com.sdk.testng.WebTest" time="0.002"/>
</testsuite>